TN:
SF:C:\Users\Favour\Debe\WayFarer-master\server/app.js
FN:24,(anonymous_1)
FN:34,(anonymous_2)
FN:43,(anonymous_3)
FN:50,(anonymous_4)
FN:61,(anonymous_5)
FNF:5
FNH:3
FNDA:1,(anonymous_1)
FNDA:1,(anonymous_2)
FNDA:0,(anonymous_3)
FNDA:0,(anonymous_4)
FNDA:1,(anonymous_5)
DA:2,1
DA:3,1
DA:4,1
DA:5,1
DA:6,1
DA:7,1
DA:10,1
DA:12,1
DA:14,1
DA:15,1
DA:17,1
DA:18,1
DA:19,1
DA:20,1
DA:24,1
DA:25,1
DA:26,1
DA:30,1
DA:34,1
DA:35,1
DA:40,1
DA:43,1
DA:44,0
DA:45,0
DA:46,0
DA:50,1
DA:51,0
DA:52,0
DA:58,1
DA:61,1
DA:62,1
DA:65,1
LF:32
LH:27
BRDA:52,0,0,0
BRDA:52,0,1,0
BRF:2
BRH:0
end_of_record
TN:
SF:C:\Users\Favour\Debe\WayFarer-master\server\controllers/BookingsController.js
FN:17,(anonymous_7)
FNF:1
FNH:1
FNDA:29,(anonymous_7)
DA:1,1
DA:2,1
DA:3,1
DA:4,1
DA:6,1
DA:8,1
DA:11,1
DA:12,1
DA:13,1
DA:14,1
DA:17,86
DA:20,1
DA:21,1
DA:22,1
DA:23,1
DA:25,1
DA:51,2
DA:54,2
DA:56,0
DA:76,1
DA:95,1
DA:96,1
DA:114,1
LF:23
LH:22
BRDA:17,0,0,3
BRDA:17,0,1,3
BRDA:17,0,2,0
BRDA:17,0,3,0
BRDA:17,0,4,3
BRDA:17,1,0,2
BRDA:17,1,1,2
BRDA:17,1,2,0
BRDA:17,1,3,0
BRDA:17,1,4,2
BRDA:17,1,5,0
BRDA:17,1,6,0
BRDA:17,1,7,2
BRDA:17,2,0,0
BRDA:17,2,1,2
BRF:15
BRH:8
end_of_record
TN:
SF:C:\Users\Favour\Debe\WayFarer-master\server\controllers/BusesController.js
FN:13,(anonymous_7)
FNF:1
FNH:1
FNDA:12,(anonymous_7)
DA:1,1
DA:2,1
DA:3,1
DA:4,1
DA:6,1
DA:8,1
DA:11,1
DA:13,33
DA:16,1
DA:19,1
DA:43,1
DA:57,1
LF:12
LH:12
BRDA:13,0,0,2
BRDA:13,0,1,2
BRDA:13,0,2,0
BRDA:13,0,3,0
BRDA:13,0,4,2
BRF:5
BRH:3
end_of_record
TN:
SF:C:\Users\Favour\Debe\WayFarer-master\server\controllers/TripsController.js
FN:16,(anonymous_7)
FNF:1
FNH:1
FNDA:30,(anonymous_7)
DA:1,1
DA:2,1
DA:3,1
DA:4,1
DA:6,1
DA:8,1
DA:11,1
DA:12,1
DA:13,1
DA:14,1
DA:16,81
DA:19,1
DA:22,1
DA:45,1
DA:60,1
DA:86,1
DA:101,1
DA:115,1
LF:18
LH:18
BRDA:16,0,0,5
BRDA:16,0,1,5
BRDA:16,0,2,0
BRDA:16,0,3,0
BRDA:16,0,4,5
BRF:5
BRH:3
end_of_record
TN:
SF:C:\Users\Favour\Debe\WayFarer-master\server\controllers/UserController.js
FN:15,(anonymous_7)
FNF:1
FNH:1
FNDA:12,(anonymous_7)
DA:1,1
DA:2,1
DA:3,1
DA:4,1
DA:5,1
DA:7,1
DA:9,1
DA:13,1
DA:15,33
DA:19,1
DA:20,1
DA:22,1
DA:23,1
DA:43,1
DA:44,1
DA:45,1
DA:63,1
LF:17
LH:17
BRDA:15,0,0,2
BRDA:15,0,1,2
BRDA:15,0,2,0
BRDA:15,0,3,0
BRDA:15,0,4,2
BRF:5
BRH:3
end_of_record
TN:
SF:C:\Users\Favour\Debe\WayFarer-master\server\db/index.js
FN:19,(anonymous_0)
FN:23,query
FN:25,(anonymous_2)
FN:27,(anonymous_3)
FN:30,(anonymous_4)
FNF:5
FNH:4
FNDA:5,(anonymous_0)
FNDA:209,query
FNDA:209,(anonymous_2)
FNDA:209,(anonymous_3)
FNDA:0,(anonymous_4)
DA:2,5
DA:3,5
DA:5,5
DA:9,5
DA:10,5
DA:12,0
DA:15,5
DA:19,5
DA:20,5
DA:23,5
DA:25,209
DA:26,209
DA:28,209
DA:31,0
LF:14
LH:12
BRDA:9,0,0,5
BRDA:9,0,1,0
BRF:2
BRH:1
end_of_record
TN:
SF:C:\Users\Favour\Debe\WayFarer-master\server\middlewares/Auth.js
FN:4,(anonymous_7)
FNF:1
FNH:1
FNDA:209,(anonymous_7)
DA:1,1
DA:2,1
DA:4,580
DA:7,23
DA:19,23
DA:20,23
DA:21,23
DA:23,23
DA:35,1
LF:9
LH:9
BRDA:4,0,0,23
BRDA:4,0,1,23
BRDA:4,0,2,0
BRDA:4,0,3,23
BRDA:4,1,0,23
BRDA:4,1,1,0
BRDA:4,2,0,23
BRDA:4,2,1,23
BRDA:4,2,2,0
BRDA:4,2,3,0
BRDA:4,2,4,23
BRF:11
BRH:7
end_of_record
TN:
SF:C:\Users\Favour\Debe\WayFarer-master\server\middlewares/BookingValidator.js
FN:12,(anonymous_7)
FNF:1
FNH:1
FNDA:31,(anonymous_7)
DA:1,1
DA:2,1
DA:3,1
DA:4,1
DA:6,1
DA:8,1
DA:9,1
DA:12,90
DA:24,2
DA:25,2
DA:37,2
DA:38,2
DA:50,1
LF:13
LH:13
BRDA:12,0,0,2
BRDA:12,0,1,1
BRDA:12,0,2,0
BRDA:12,0,3,2
BRDA:12,1,0,3
BRDA:12,1,1,3
BRDA:14,2,0,2
BRDA:14,2,1,1
BRDA:12,3,0,4
BRDA:12,3,1,4
BRDA:12,3,2,2
BRDA:12,3,3,0
BRDA:12,3,4,4
BRF:13
BRH:11
end_of_record
TN:
SF:C:\Users\Favour\Debe\WayFarer-master\server\middlewares/TripValidator.js
FN:13,(anonymous_7)
FNF:1
FNH:1
FNDA:90,(anonymous_7)
DA:1,1
DA:2,1
DA:3,1
DA:4,1
DA:6,1
DA:8,1
DA:9,1
DA:10,1
DA:11,1
DA:13,254
DA:45,1
DA:56,2
DA:67,2
DA:79,2
DA:91,1
LF:15
LH:15
BRDA:13,0,0,12
BRDA:13,0,1,7
BRDA:13,0,2,0
BRDA:13,0,3,12
BRDA:13,1,0,11
BRDA:13,1,1,8
BRDA:15,2,0,6
BRDA:15,2,1,5
BRDA:25,3,0,4
BRDA:25,3,1,3
BRDA:13,4,0,7
BRDA:13,4,1,7
BRDA:13,4,2,4
BRDA:13,4,3,0
BRDA:13,4,4,7
BRF:15
BRH:13
end_of_record
TN:
SF:C:\Users\Favour\Debe\WayFarer-master\server\middlewares/UserValidator.js
FN:7,(anonymous_7)
FNF:1
FNH:1
FNDA:138,(anonymous_7)
DA:1,1
DA:2,1
DA:4,1
DA:7,395
DA:70,1
DA:71,1
DA:72,1
DA:88,1
DA:89,1
DA:90,1
DA:109,1
DA:110,1
DA:111,1
DA:121,10
DA:122,10
DA:123,10
DA:132,8
DA:133,8
DA:134,8
DA:135,8
DA:144,1
LF:21
LH:21
BRDA:7,0,0,5
BRDA:7,0,1,5
BRDA:7,0,2,0
BRDA:7,0,3,5
BRDA:7,1,0,8
BRDA:7,1,1,18
BRDA:32,2,0,1
BRDA:32,2,1,1
BRDA:42,3,0,1
BRDA:42,3,1,1
BRDA:51,4,0,1
BRDA:51,4,1,1
BRDA:60,5,0,1
BRDA:60,5,1,1
BRDA:7,6,0,1
BRDA:7,6,1,1
BRDA:7,6,2,1
BRDA:7,6,3,1
BRDA:7,6,4,0
BRDA:7,6,5,0
BRDA:7,6,6,1
BRDA:7,7,0,1
BRDA:7,7,1,1
BRDA:7,7,2,1
BRDA:7,7,3,1
BRDA:7,7,4,0
BRDA:7,7,5,1
BRDA:7,8,0,19
BRDA:7,8,1,19
BRDA:7,8,2,1
BRDA:7,8,3,0
BRDA:7,8,4,19
BRF:32
BRH:27
end_of_record
TN:
SF:C:\Users\Favour\Debe\WayFarer-master\server\models/Booking.js
FN:1,createBookingsTable
FNF:1
FNH:1
FNDA:3,createBookingsTable
DA:1,3
DA:3,1
DA:15,1
DA:19,2
DA:20,2
DA:24,3
LF:6
LH:6
BRF:0
BRH:0
end_of_record
TN:
SF:C:\Users\Favour\Debe\WayFarer-master\server\models/Bus.js
FN:1,busStatustype
FNF:1
FNH:1
FNDA:6,busStatustype
DA:1,3
DA:3,1
DA:8,1
DA:12,2
DA:13,2
DA:16,1
DA:28,1
DA:32,2
DA:33,2
DA:37,3
LF:10
LH:10
BRF:0
BRH:0
end_of_record
TN:
SF:C:\Users\Favour\Debe\WayFarer-master\server\models/Trip.js
FN:1,tripStatustype
FNF:1
FNH:1
FNDA:6,tripStatustype
DA:1,3
DA:3,1
DA:8,1
DA:12,2
DA:13,2
DA:17,1
DA:29,1
DA:33,2
DA:34,2
DA:38,3
LF:10
LH:10
BRF:0
BRH:0
end_of_record
TN:
SF:C:\Users\Favour\Debe\WayFarer-master\server\models/User.js
FN:1,createUsersTable
FNF:1
FNH:1
FNDA:3,createUsersTable
DA:1,3
DA:3,1
DA:14,1
DA:18,2
DA:19,2
DA:23,3
LF:6
LH:6
BRF:0
BRH:0
end_of_record
TN:
SF:C:\Users\Favour\Debe\WayFarer-master\server\models\migrations/createTables.js
FN:25,(anonymous_7)
FN:33,createUsersTable
FN:38,createBookingsTable
FN:43,createTripsTable
FN:48,createBusesTable
FN:58,createTripStatusEnum
FN:63,createBusStatusEnum
FN:68,createEnumTypes
FN:74,allCreateQueries
FN:85,(anonymous_16)
FN:85,_callee
FN:85,migrate
FN:89,(anonymous_20)
FNF:13
FNH:13
FNDA:1,(anonymous_7)
FNDA:1,createUsersTable
FNDA:1,createBookingsTable
FNDA:1,createTripsTable
FNDA:1,createBusesTable
FNDA:1,createTripStatusEnum
FNDA:1,createBusStatusEnum
FNDA:1,createEnumTypes
FNDA:1,allCreateQueries
FNDA:1,(anonymous_16)
FNDA:3,_callee
FNDA:1,migrate
FNDA:1,(anonymous_20)
DA:2,1
DA:3,1
DA:4,1
DA:5,1
DA:6,1
DA:7,1
DA:9,1
DA:13,1
DA:14,1
DA:16,0
DA:20,1
DA:25,1
DA:26,1
DA:33,1
DA:34,1
DA:35,1
DA:38,1
DA:39,1
DA:40,1
DA:43,1
DA:44,1
DA:45,1
DA:48,1
DA:49,1
DA:50,1
DA:58,1
DA:59,1
DA:60,1
DA:63,1
DA:64,1
DA:65,1
DA:68,2
DA:74,2
DA:85,8
DA:89,1
DA:90,1
DA:91,1
DA:95,1
LF:38
LH:37
BRDA:13,0,0,1
BRDA:13,0,1,0
BRDA:85,1,0,1
BRDA:85,1,1,1
BRDA:85,1,2,1
BRF:5
BRH:4
end_of_record
TN:
SF:C:\Users\Favour\Debe\WayFarer-master\server\models\migrations/dropTables.js
FN:25,(anonymous_7)
FN:32,dropUsersTable
FN:37,dropBookingsTable
FN:42,dropTripsTable
FN:47,dropBusesTable
FN:57,dropTripStatusEnum
FN:62,dropBusStatusEnum
FN:67,dropEnumTypes
FN:73,allDropQueries
FN:83,(anonymous_16)
FN:83,_callee
FN:83,rollback
FN:87,(anonymous_20)
FNF:13
FNH:13
FNDA:2,(anonymous_7)
FNDA:2,dropUsersTable
FNDA:2,dropBookingsTable
FNDA:2,dropTripsTable
FNDA:2,dropBusesTable
FNDA:2,dropTripStatusEnum
FNDA:2,dropBusStatusEnum
FNDA:2,dropEnumTypes
FNDA:2,allDropQueries
FNDA:2,(anonymous_16)
FNDA:4,_callee
FNDA:2,rollback
FNDA:2,(anonymous_20)
DA:2,2
DA:3,2
DA:4,2
DA:5,2
DA:6,2
DA:7,2
DA:9,2
DA:13,2
DA:14,2
DA:16,0
DA:20,2
DA:25,2
DA:26,2
DA:32,2
DA:33,2
DA:34,2
DA:37,2
DA:38,2
DA:39,2
DA:42,2
DA:43,2
DA:44,2
DA:47,2
DA:48,2
DA:49,2
DA:57,2
DA:58,2
DA:59,2
DA:62,2
DA:63,2
DA:64,2
DA:67,4
DA:73,4
DA:83,8
DA:84,2
DA:87,2
DA:88,2
DA:89,2
DA:92,2
LF:39
LH:38
BRDA:13,0,0,2
BRDA:13,0,1,0
BRDA:83,1,0,2
BRDA:83,1,1,2
BRDA:83,1,2,2
BRF:5
BRH:4
end_of_record
TN:
SF:C:\Users\Favour\Debe\WayFarer-master\server\models\seeders/book_seeder.js
FN:48,(anonymous_7)
FN:48,_callee
FN:48,seedBookings
FNF:3
FNH:3
FNDA:1,(anonymous_7)
FNDA:42,_callee
FNDA:1,seedBookings
DA:1,1
DA:2,1
DA:3,1
DA:6,1
DA:7,1
DA:8,1
DA:9,1
DA:10,1
DA:11,1
DA:12,1
DA:13,1
DA:14,1
DA:15,1
DA:16,1
DA:17,1
DA:18,1
DA:19,1
DA:20,1
DA:21,1
DA:22,1
DA:23,1
DA:24,1
DA:25,1
DA:26,1
DA:27,1
DA:28,1
DA:29,1
DA:30,1
DA:31,1
DA:32,1
DA:33,1
DA:34,1
DA:35,1
DA:36,1
DA:37,1
DA:38,1
DA:39,1
DA:40,1
DA:41,1
DA:42,1
DA:43,1
DA:44,1
DA:45,1
DA:48,164
DA:49,1
DA:95,1
LF:46
LH:46
BRDA:48,0,0,1
BRDA:48,0,1,1
BRDA:48,0,2,1
BRDA:48,0,3,1
BRDA:48,0,4,1
BRDA:48,0,5,1
BRDA:48,0,6,1
BRDA:48,0,7,1
BRDA:48,0,8,1
BRDA:48,0,9,1
BRDA:48,0,10,1
BRDA:48,0,11,1
BRDA:48,0,12,1
BRDA:48,0,13,1
BRDA:48,0,14,1
BRDA:48,0,15,1
BRDA:48,0,16,1
BRDA:48,0,17,1
BRDA:48,0,18,1
BRDA:48,0,19,1
BRDA:48,0,20,1
BRDA:48,0,21,1
BRDA:48,0,22,1
BRDA:48,0,23,1
BRDA:48,0,24,1
BRDA:48,0,25,1
BRDA:48,0,26,1
BRDA:48,0,27,1
BRDA:48,0,28,1
BRDA:48,0,29,1
BRDA:48,0,30,1
BRDA:48,0,31,1
BRDA:48,0,32,1
BRDA:48,0,33,1
BRDA:48,0,34,1
BRDA:48,0,35,1
BRDA:48,0,36,1
BRDA:48,0,37,1
BRDA:48,0,38,1
BRDA:48,0,39,1
BRDA:48,0,40,1
BRDA:48,0,41,1
BRF:42
BRH:42
end_of_record
TN:
SF:C:\Users\Favour\Debe\WayFarer-master\server\models\seeders/bus_seeder.js
FN:47,(anonymous_7)
FN:47,_callee
FN:47,seedbuses
FNF:3
FNH:3
FNDA:1,(anonymous_7)
FNDA:42,_callee
FNDA:1,seedbuses
DA:1,1
DA:2,1
DA:3,1
DA:5,1
DA:6,1
DA:7,1
DA:8,1
DA:9,1
DA:10,1
DA:11,1
DA:12,1
DA:13,1
DA:14,1
DA:15,1
DA:16,1
DA:17,1
DA:18,1
DA:19,1
DA:20,1
DA:21,1
DA:22,1
DA:23,1
DA:24,1
DA:25,1
DA:26,1
DA:27,1
DA:28,1
DA:29,1
DA:30,1
DA:31,1
DA:32,1
DA:33,1
DA:34,1
DA:35,1
DA:36,1
DA:37,1
DA:38,1
DA:39,1
DA:40,1
DA:41,1
DA:42,1
DA:43,1
DA:44,1
DA:47,164
DA:48,1
DA:94,1
LF:46
LH:46
BRDA:47,0,0,1
BRDA:47,0,1,1
BRDA:47,0,2,1
BRDA:47,0,3,1
BRDA:47,0,4,1
BRDA:47,0,5,1
BRDA:47,0,6,1
BRDA:47,0,7,1
BRDA:47,0,8,1
BRDA:47,0,9,1
BRDA:47,0,10,1
BRDA:47,0,11,1
BRDA:47,0,12,1
BRDA:47,0,13,1
BRDA:47,0,14,1
BRDA:47,0,15,1
BRDA:47,0,16,1
BRDA:47,0,17,1
BRDA:47,0,18,1
BRDA:47,0,19,1
BRDA:47,0,20,1
BRDA:47,0,21,1
BRDA:47,0,22,1
BRDA:47,0,23,1
BRDA:47,0,24,1
BRDA:47,0,25,1
BRDA:47,0,26,1
BRDA:47,0,27,1
BRDA:47,0,28,1
BRDA:47,0,29,1
BRDA:47,0,30,1
BRDA:47,0,31,1
BRDA:47,0,32,1
BRDA:47,0,33,1
BRDA:47,0,34,1
BRDA:47,0,35,1
BRDA:47,0,36,1
BRDA:47,0,37,1
BRDA:47,0,38,1
BRDA:47,0,39,1
BRDA:47,0,40,1
BRDA:47,0,41,1
BRF:42
BRH:42
end_of_record
TN:
SF:C:\Users\Favour\Debe\WayFarer-master\server\models\seeders/trip_seeder.js
FN:47,(anonymous_7)
FN:47,_callee
FN:47,seedtrips
FNF:3
FNH:3
FNDA:1,(anonymous_7)
FNDA:42,_callee
FNDA:1,seedtrips
DA:1,1
DA:2,1
DA:3,1
DA:5,1
DA:6,1
DA:7,1
DA:8,1
DA:9,1
DA:10,1
DA:11,1
DA:12,1
DA:13,1
DA:14,1
DA:15,1
DA:16,1
DA:17,1
DA:18,1
DA:19,1
DA:20,1
DA:21,1
DA:22,1
DA:23,1
DA:24,1
DA:25,1
DA:26,1
DA:27,1
DA:28,1
DA:29,1
DA:30,1
DA:31,1
DA:32,1
DA:33,1
DA:34,1
DA:35,1
DA:36,1
DA:37,1
DA:38,1
DA:39,1
DA:40,1
DA:41,1
DA:42,1
DA:43,1
DA:44,1
DA:47,164
DA:48,1
DA:94,1
LF:46
LH:46
BRDA:47,0,0,1
BRDA:47,0,1,1
BRDA:47,0,2,1
BRDA:47,0,3,1
BRDA:47,0,4,1
BRDA:47,0,5,1
BRDA:47,0,6,1
BRDA:47,0,7,1
BRDA:47,0,8,1
BRDA:47,0,9,1
BRDA:47,0,10,1
BRDA:47,0,11,1
BRDA:47,0,12,1
BRDA:47,0,13,1
BRDA:47,0,14,1
BRDA:47,0,15,1
BRDA:47,0,16,1
BRDA:47,0,17,1
BRDA:47,0,18,1
BRDA:47,0,19,1
BRDA:47,0,20,1
BRDA:47,0,21,1
BRDA:47,0,22,1
BRDA:47,0,23,1
BRDA:47,0,24,1
BRDA:47,0,25,1
BRDA:47,0,26,1
BRDA:47,0,27,1
BRDA:47,0,28,1
BRDA:47,0,29,1
BRDA:47,0,30,1
BRDA:47,0,31,1
BRDA:47,0,32,1
BRDA:47,0,33,1
BRDA:47,0,34,1
BRDA:47,0,35,1
BRDA:47,0,36,1
BRDA:47,0,37,1
BRDA:47,0,38,1
BRDA:47,0,39,1
BRDA:47,0,40,1
BRDA:47,0,41,1
BRF:42
BRH:42
end_of_record
TN:
SF:C:\Users\Favour\Debe\WayFarer-master\server\models\seeders/user_seeder.js
FN:26,(anonymous_7)
FN:26,_callee
FN:26,seedusers
FNF:3
FNH:3
FNDA:1,(anonymous_7)
FNDA:22,_callee
FNDA:1,seedusers
DA:1,1
DA:2,1
DA:3,1
DA:5,1
DA:6,1
DA:7,1
DA:8,1
DA:9,1
DA:10,1
DA:11,1
DA:12,1
DA:13,1
DA:14,1
DA:15,1
DA:16,1
DA:17,1
DA:18,1
DA:19,1
DA:20,1
DA:21,1
DA:22,1
DA:23,1
DA:24,1
DA:26,84
DA:27,1
DA:53,1
LF:26
LH:26
BRDA:26,0,0,1
BRDA:26,0,1,1
BRDA:26,0,2,1
BRDA:26,0,3,1
BRDA:26,0,4,1
BRDA:26,0,5,1
BRDA:26,0,6,1
BRDA:26,0,7,1
BRDA:26,0,8,1
BRDA:26,0,9,1
BRDA:26,0,10,1
BRDA:26,0,11,1
BRDA:26,0,12,1
BRDA:26,0,13,1
BRDA:26,0,14,1
BRDA:26,0,15,1
BRDA:26,0,16,1
BRDA:26,0,17,1
BRDA:26,0,18,1
BRDA:26,0,19,1
BRDA:26,0,20,1
BRDA:26,0,21,1
BRF:22
BRH:22
end_of_record
TN:
SF:C:\Users\Favour\Debe\WayFarer-master\server\routes/bookingsRoutes.js
FNF:0
FNH:0
DA:1,1
DA:2,1
DA:3,1
DA:4,1
DA:5,1
DA:7,1
DA:9,1
DA:18,1
DA:26,1
DA:35,1
DA:44,1
LF:11
LH:11
BRF:0
BRH:0
end_of_record
TN:
SF:C:\Users\Favour\Debe\WayFarer-master\server\routes/busesRoutes.js
FNF:0
FNH:0
DA:1,1
DA:2,1
DA:3,1
DA:4,1
DA:6,1
DA:8,1
DA:16,1
DA:24,1
LF:8
LH:8
BRF:0
BRH:0
end_of_record
TN:
SF:C:\Users\Favour\Debe\WayFarer-master\server\routes/tripsRoutes.js
FNF:0
FNH:0
DA:1,1
DA:2,1
DA:3,1
DA:4,1
DA:5,1
DA:7,1
DA:9,1
DA:20,1
DA:28,1
DA:37,1
DA:45,1
DA:53,1
LF:12
LH:12
BRF:0
BRH:0
end_of_record
TN:
SF:C:\Users\Favour\Debe\WayFarer-master\server\routes/userRoutes.js
FNF:0
FNH:0
DA:1,1
DA:2,1
DA:3,1
DA:5,1
DA:7,1
DA:17,1
DA:25,1
LF:7
LH:7
BRF:0
BRH:0
end_of_record
TN:
SF:C:\Users\Favour\Debe\WayFarer-master\server\tests/appTest.js
FN:9,(anonymous_1)
FN:10,(anonymous_2)
FN:13,(anonymous_3)
FNF:3
FNH:3
FNDA:1,(anonymous_1)
FNDA:1,(anonymous_2)
FNDA:1,(anonymous_3)
DA:1,1
DA:2,1
DA:3,1
DA:5,1
DA:7,1
DA:9,1
DA:10,1
DA:11,1
DA:14,1
DA:15,1
DA:16,1
DA:17,1
DA:18,1
LF:13
LH:13
BRDA:14,0,0,0
BRDA:14,0,1,1
BRF:2
BRH:1
end_of_record
TN:
SF:C:\Users\Favour\Debe\WayFarer-master\server\tests/bookingRoutesTest.js
FN:27,(anonymous_1)
FN:28,(anonymous_2)
FN:38,(anonymous_3)
FN:51,(anonymous_4)
FN:52,(anonymous_5)
FN:61,(anonymous_6)
FN:70,(anonymous_7)
FN:71,(anonymous_8)
FN:75,(anonymous_9)
FN:85,(anonymous_10)
FN:86,(anonymous_11)
FN:90,(anonymous_12)
FN:100,(anonymous_13)
FN:101,(anonymous_14)
FN:106,(anonymous_15)
FN:117,(anonymous_16)
FN:118,(anonymous_17)
FN:123,(anonymous_18)
FN:133,(anonymous_19)
FN:134,(anonymous_20)
FN:143,(anonymous_21)
FN:154,(anonymous_22)
FN:155,(anonymous_23)
FN:164,(anonymous_24)
FNF:24
FNH:24
FNDA:1,(anonymous_1)
FNDA:1,(anonymous_2)
FNDA:1,(anonymous_3)
FNDA:1,(anonymous_4)
FNDA:1,(anonymous_5)
FNDA:1,(anonymous_6)
FNDA:1,(anonymous_7)
FNDA:1,(anonymous_8)
FNDA:1,(anonymous_9)
FNDA:1,(anonymous_10)
FNDA:1,(anonymous_11)
FNDA:1,(anonymous_12)
FNDA:1,(anonymous_13)
FNDA:1,(anonymous_14)
FNDA:1,(anonymous_15)
FNDA:1,(anonymous_16)
FNDA:1,(anonymous_17)
FNDA:1,(anonymous_18)
FNDA:1,(anonymous_19)
FNDA:1,(anonymous_20)
FNDA:1,(anonymous_21)
FNDA:1,(anonymous_22)
FNDA:1,(anonymous_23)
FNDA:1,(anonymous_24)
DA:1,1
DA:2,1
DA:3,1
DA:4,1
DA:6,1
DA:8,1
DA:10,1
DA:15,1
DA:20,1
DA:27,1
DA:28,1
DA:29,1
DA:34,1
DA:39,1
DA:40,1
DA:41,1
DA:42,1
DA:43,1
DA:44,1
DA:45,1
DA:46,1
DA:51,1
DA:52,1
DA:53,1
DA:57,1
DA:62,1
DA:63,1
DA:64,1
DA:65,1
DA:70,1
DA:71,1
DA:72,1
DA:76,1
DA:77,1
DA:78,1
DA:79,1
DA:80,1
DA:85,1
DA:86,1
DA:87,1
DA:91,1
DA:92,1
DA:93,1
DA:94,1
DA:95,1
DA:100,1
DA:101,1
DA:102,1
DA:103,1
DA:107,1
DA:108,1
DA:109,1
DA:110,1
DA:111,1
DA:112,1
DA:117,1
DA:118,1
DA:119,1
DA:120,1
DA:124,1
DA:125,1
DA:126,1
DA:127,1
DA:133,1
DA:134,1
DA:135,1
DA:136,1
DA:139,1
DA:144,1
DA:145,1
DA:146,1
DA:147,1
DA:148,1
DA:149,1
DA:154,1
DA:155,1
DA:156,1
DA:157,1
DA:160,1
DA:165,1
DA:166,1
DA:167,1
DA:168,1
LF:83
LH:83
BRDA:39,0,0,0
BRDA:39,0,1,1
BRDA:62,1,0,0
BRDA:62,1,1,1
BRDA:76,2,0,0
BRDA:76,2,1,1
BRDA:91,3,0,0
BRDA:91,3,1,1
BRDA:107,4,0,0
BRDA:107,4,1,1
BRDA:124,5,0,0
BRDA:124,5,1,1
BRDA:144,6,0,0
BRDA:144,6,1,1
BRDA:165,7,0,0
BRDA:165,7,1,1
BRF:16
BRH:8
end_of_record
TN:
SF:C:\Users\Favour\Debe\WayFarer-master\server\tests/busRoutesTest.js
FN:16,(anonymous_1)
FN:17,(anonymous_2)
FN:30,(anonymous_3)
FN:40,(anonymous_4)
FN:41,(anonymous_5)
FN:45,(anonymous_6)
FNF:6
FNH:6
FNDA:1,(anonymous_1)
FNDA:1,(anonymous_2)
FNDA:1,(anonymous_3)
FNDA:1,(anonymous_4)
FNDA:1,(anonymous_5)
FNDA:1,(anonymous_6)
DA:1,1
DA:2,1
DA:3,1
DA:4,1
DA:6,1
DA:8,1
DA:10,1
DA:16,1
DA:17,1
DA:18,1
DA:26,1
DA:31,1
DA:32,1
DA:33,1
DA:34,1
DA:35,1
DA:40,1
DA:41,1
DA:42,1
DA:46,1
DA:47,1
DA:48,1
DA:49,1
DA:50,1
LF:24
LH:24
BRDA:31,0,0,0
BRDA:31,0,1,1
BRDA:46,1,0,0
BRDA:46,1,1,1
BRF:4
BRH:2
end_of_record
TN:
SF:C:\Users\Favour\Debe\WayFarer-master\server\tests/tripRoutesTest.js
FN:16,(anonymous_1)
FN:17,(anonymous_2)
FN:21,(anonymous_3)
FN:32,(anonymous_4)
FN:33,(anonymous_5)
FN:48,(anonymous_6)
FN:63,(anonymous_7)
FN:64,(anonymous_8)
FN:78,(anonymous_9)
FN:87,(anonymous_10)
FN:88,(anonymous_11)
FN:102,(anonymous_12)
FN:111,(anonymous_13)
FN:112,(anonymous_14)
FN:126,(anonymous_15)
FN:136,(anonymous_16)
FN:137,(anonymous_17)
FN:142,(anonymous_18)
FN:152,(anonymous_19)
FN:153,(anonymous_20)
FN:167,(anonymous_21)
FN:176,(anonymous_22)
FN:177,(anonymous_23)
FN:191,(anonymous_24)
FN:201,(anonymous_25)
FN:202,(anonymous_26)
FN:207,(anonymous_27)
FN:217,(anonymous_28)
FN:218,(anonymous_29)
FN:223,(anonymous_30)
FN:232,(anonymous_31)
FN:233,(anonymous_32)
FN:238,(anonymous_33)
FN:247,(anonymous_34)
FN:248,(anonymous_35)
FN:253,(anonymous_36)
FN:264,(anonymous_37)
FN:265,(anonymous_38)
FN:270,(anonymous_39)
FNF:39
FNH:39
FNDA:1,(anonymous_1)
FNDA:1,(anonymous_2)
FNDA:1,(anonymous_3)
FNDA:1,(anonymous_4)
FNDA:1,(anonymous_5)
FNDA:1,(anonymous_6)
FNDA:1,(anonymous_7)
FNDA:1,(anonymous_8)
FNDA:1,(anonymous_9)
FNDA:1,(anonymous_10)
FNDA:1,(anonymous_11)
FNDA:1,(anonymous_12)
FNDA:1,(anonymous_13)
FNDA:1,(anonymous_14)
FNDA:1,(anonymous_15)
FNDA:1,(anonymous_16)
FNDA:1,(anonymous_17)
FNDA:1,(anonymous_18)
FNDA:1,(anonymous_19)
FNDA:1,(anonymous_20)
FNDA:1,(anonymous_21)
FNDA:1,(anonymous_22)
FNDA:1,(anonymous_23)
FNDA:1,(anonymous_24)
FNDA:1,(anonymous_25)
FNDA:1,(anonymous_26)
FNDA:1,(anonymous_27)
FNDA:1,(anonymous_28)
FNDA:1,(anonymous_29)
FNDA:1,(anonymous_30)
FNDA:1,(anonymous_31)
FNDA:1,(anonymous_32)
FNDA:1,(anonymous_33)
FNDA:1,(anonymous_34)
FNDA:1,(anonymous_35)
FNDA:1,(anonymous_36)
FNDA:1,(anonymous_37)
FNDA:1,(anonymous_38)
FNDA:1,(anonymous_39)
DA:1,1
DA:2,1
DA:3,1
DA:4,1
DA:6,1
DA:8,1
DA:10,1
DA:16,1
DA:17,1
DA:18,1
DA:22,1
DA:23,1
DA:24,1
DA:25,1
DA:26,1
DA:32,1
DA:33,1
DA:34,1
DA:44,1
DA:49,1
DA:50,1
DA:51,1
DA:52,1
DA:53,1
DA:54,1
DA:55,1
DA:56,1
DA:57,1
DA:58,1
DA:63,1
DA:64,1
DA:65,1
DA:74,1
DA:79,1
DA:80,1
DA:81,1
DA:82,1
DA:87,1
DA:88,1
DA:89,1
DA:98,1
DA:103,1
DA:104,1
DA:105,1
DA:106,1
DA:111,1
DA:112,1
DA:113,1
DA:122,1
DA:127,1
DA:128,1
DA:129,1
DA:130,1
DA:136,1
DA:137,1
DA:138,1
DA:139,1
DA:143,1
DA:144,1
DA:145,1
DA:146,1
DA:147,1
DA:152,1
DA:153,1
DA:154,1
DA:163,1
DA:168,1
DA:169,1
DA:170,1
DA:171,1
DA:176,1
DA:177,1
DA:178,1
DA:187,1
DA:192,1
DA:193,1
DA:194,1
DA:195,1
DA:201,1
DA:202,1
DA:203,1
DA:204,1
DA:208,1
DA:209,1
DA:210,1
DA:211,1
DA:212,1
DA:217,1
DA:218,1
DA:219,1
DA:220,1
DA:224,1
DA:225,1
DA:226,1
DA:227,1
DA:232,1
DA:233,1
DA:234,1
DA:235,1
DA:239,1
DA:240,1
DA:241,1
DA:242,1
DA:247,1
DA:248,1
DA:249,1
DA:250,1
DA:254,1
DA:255,1
DA:256,1
DA:257,1
DA:258,1
DA:259,1
DA:264,1
DA:265,1
DA:266,1
DA:267,1
DA:271,1
DA:272,1
DA:273,1
DA:274,1
LF:121
LH:121
BRDA:22,0,0,0
BRDA:22,0,1,1
BRDA:49,1,0,0
BRDA:49,1,1,1
BRDA:79,2,0,0
BRDA:79,2,1,1
BRDA:103,3,0,0
BRDA:103,3,1,1
BRDA:127,4,0,0
BRDA:127,4,1,1
BRDA:143,5,0,0
BRDA:143,5,1,1
BRDA:168,6,0,0
BRDA:168,6,1,1
BRDA:192,7,0,0
BRDA:192,7,1,1
BRDA:208,8,0,0
BRDA:208,8,1,1
BRDA:224,9,0,0
BRDA:224,9,1,1
BRDA:239,10,0,0
BRDA:239,10,1,1
BRDA:254,11,0,0
BRDA:254,11,1,1
BRDA:271,12,0,0
BRDA:271,12,1,1
BRF:26
BRH:13
end_of_record
TN:
SF:C:\Users\Favour\Debe\WayFarer-master\server\tests/userRoutesTest.js
FN:9,(anonymous_1)
FN:10,(anonymous_2)
FN:20,(anonymous_3)
FN:33,(anonymous_4)
FN:34,(anonymous_5)
FN:42,(anonymous_6)
FNF:6
FNH:6
FNDA:1,(anonymous_1)
FNDA:1,(anonymous_2)
FNDA:1,(anonymous_3)
FNDA:1,(anonymous_4)
FNDA:1,(anonymous_5)
FNDA:1,(anonymous_6)
DA:1,1
DA:2,1
DA:3,1
DA:5,1
DA:7,1
DA:9,1
DA:10,1
DA:11,1
DA:17,1
DA:21,1
DA:22,1
DA:23,1
DA:24,1
DA:25,1
DA:26,1
DA:27,1
DA:28,1
DA:33,1
DA:34,1
DA:35,1
DA:39,1
DA:43,1
DA:44,1
DA:45,1
DA:46,1
DA:47,1
DA:48,1
DA:49,1
DA:50,1
LF:29
LH:29
BRDA:21,0,0,0
BRDA:21,0,1,1
BRDA:43,1,0,0
BRDA:43,1,1,1
BRF:4
BRH:2
end_of_record
TN:
SF:C:\Users\Favour\Debe\WayFarer-master\server\utils/Helper.js
FN:4,hashPassword
FNF:1
FNH:1
FNDA:4,hashPassword
DA:1,1
DA:2,1
DA:4,1
DA:7,1
DA:12,1
DA:17,2
DA:21,2
DA:24,1
LF:8
LH:8
BRF:0
BRH:0
end_of_record
