TN:
SF:C:\Users\Favour\Debe\WayFarer-master\server/app.js
FN:24,(anonymous_1)
FN:34,(anonymous_2)
FN:43,(anonymous_3)
FN:50,(anonymous_4)
FN:61,(anonymous_5)
FNF:5
FNH:3
FNDA:1,(anonymous_1)
FNDA:1,(anonymous_2)
FNDA:0,(anonymous_3)
FNDA:0,(anonymous_4)
FNDA:1,(anonymous_5)
DA:2,1
DA:3,1
DA:4,1
DA:5,1
DA:6,1
DA:7,1
DA:10,1
DA:12,1
DA:14,1
DA:15,1
DA:17,1
DA:18,1
DA:19,1
DA:20,1
DA:24,1
DA:25,1
DA:26,1
DA:30,1
DA:34,1
DA:35,1
DA:40,1
DA:43,1
DA:44,0
DA:45,0
DA:46,0
DA:50,1
DA:51,0
DA:52,0
DA:58,1
DA:61,1
DA:62,1
DA:65,1
LF:32
LH:27
BRDA:52,0,0,0
BRDA:52,0,1,0
BRF:2
BRH:0
end_of_record
TN:
SF:C:\Users\Favour\Debe\WayFarer-master\server\controllers/BookingsController.js
FN:18,(anonymous_7)
FNF:1
FNH:1
FNDA:30,(anonymous_7)
DA:1,1
DA:2,1
DA:3,1
DA:4,1
DA:6,1
DA:8,1
DA:11,1
DA:12,1
DA:13,1
DA:14,1
DA:15,1
DA:18,99
DA:21,1
DA:22,1
DA:23,1
DA:25,1
DA:26,1
DA:52,2
DA:55,2
DA:57,0
DA:77,1
DA:78,1
DA:107,1
DA:108,1
DA:134,1
LF:25
LH:24
BRDA:18,0,0,1
BRDA:18,0,1,1
BRDA:18,0,2,0
BRDA:18,0,3,0
BRDA:18,0,4,1
BRDA:18,1,0,2
BRDA:18,1,1,2
BRDA:18,1,2,0
BRDA:18,1,3,0
BRDA:18,1,4,2
BRDA:18,1,5,0
BRDA:18,1,6,0
BRDA:18,1,7,2
BRDA:18,2,0,2
BRDA:18,2,1,2
BRDA:18,3,0,1
BRDA:18,3,1,1
BRDA:18,3,2,1
BRDA:18,3,3,1
BRDA:18,3,4,0
BRDA:18,3,5,0
BRDA:18,3,6,1
BRDA:18,4,0,1
BRDA:18,4,1,1
BRDA:18,4,2,1
BRDA:18,4,3,0
BRDA:18,4,4,0
BRDA:18,4,5,1
BRF:28
BRH:18
end_of_record
TN:
SF:C:\Users\Favour\Debe\WayFarer-master\server\controllers/BusesController.js
FN:13,(anonymous_7)
FNF:1
FNH:1
FNDA:12,(anonymous_7)
DA:1,1
DA:2,1
DA:3,1
DA:4,1
DA:6,1
DA:8,1
DA:11,1
DA:13,33
DA:16,1
DA:19,1
DA:43,1
DA:57,1
LF:12
LH:12
BRDA:13,0,0,2
BRDA:13,0,1,2
BRDA:13,0,2,0
BRDA:13,0,3,0
BRDA:13,0,4,2
BRF:5
BRH:3
end_of_record
TN:
SF:C:\Users\Favour\Debe\WayFarer-master\server\controllers/TripsController.js
FN:16,(anonymous_7)
FNF:1
FNH:1
FNDA:30,(anonymous_7)
DA:1,1
DA:2,1
DA:3,1
DA:4,1
DA:6,1
DA:8,1
DA:11,1
DA:12,1
DA:13,1
DA:14,1
DA:16,85
DA:19,1
DA:22,1
DA:51,1
DA:66,1
DA:100,1
DA:115,1
DA:129,1
LF:18
LH:18
BRDA:16,0,0,2
BRDA:16,0,1,2
BRDA:16,0,2,1
BRDA:16,0,3,0
BRDA:16,0,4,0
BRDA:16,0,5,2
BRDA:16,1,0,1
BRDA:16,1,1,0
BRDA:16,2,0,3
BRDA:16,2,1,3
BRDA:16,2,2,0
BRDA:16,2,3,0
BRDA:16,2,4,3
BRF:13
BRH:8
end_of_record
TN:
SF:C:\Users\Favour\Debe\WayFarer-master\server\controllers/UserController.js
FN:15,(anonymous_7)
FNF:1
FNH:1
FNDA:12,(anonymous_7)
DA:1,1
DA:2,1
DA:3,1
DA:4,1
DA:5,1
DA:7,1
DA:9,1
DA:13,1
DA:15,33
DA:19,1
DA:20,1
DA:22,1
DA:23,1
DA:43,1
DA:44,1
DA:45,1
DA:63,1
LF:17
LH:17
BRDA:15,0,0,2
BRDA:15,0,1,2
BRDA:15,0,2,0
BRDA:15,0,3,0
BRDA:15,0,4,2
BRF:5
BRH:3
end_of_record
TN:
SF:C:\Users\Favour\Debe\WayFarer-master\server\db/index.js
FN:19,(anonymous_0)
FN:23,query
FN:25,(anonymous_2)
FN:27,(anonymous_3)
FN:30,(anonymous_4)
FNF:5
FNH:4
FNDA:5,(anonymous_0)
FNDA:179,query
FNDA:179,(anonymous_2)
FNDA:179,(anonymous_3)
FNDA:0,(anonymous_4)
DA:2,5
DA:3,5
DA:5,5
DA:9,5
DA:10,5
DA:12,0
DA:15,5
DA:19,5
DA:20,5
DA:23,5
DA:25,179
DA:26,179
DA:28,179
DA:31,0
LF:14
LH:12
BRDA:9,0,0,5
BRDA:9,0,1,0
BRF:2
BRH:1
end_of_record
TN:
SF:C:\Users\Favour\Debe\WayFarer-master\server\middlewares/Auth.js
FN:4,(anonymous_7)
FNF:1
FNH:1
FNDA:110,(anonymous_7)
DA:1,1
DA:2,1
DA:4,305
DA:7,12
DA:19,12
DA:20,12
DA:21,12
DA:23,12
DA:35,1
LF:9
LH:9
BRDA:4,0,0,12
BRDA:4,0,1,12
BRDA:4,0,2,0
BRDA:4,0,3,12
BRDA:4,1,0,12
BRDA:4,1,1,0
BRDA:4,2,0,12
BRDA:4,2,1,12
BRDA:4,2,2,0
BRDA:4,2,3,0
BRDA:4,2,4,12
BRF:11
BRH:7
end_of_record
TN:
SF:C:\Users\Favour\Debe\WayFarer-master\server\middlewares/UserValidator.js
FN:7,(anonymous_7)
FNF:1
FNH:1
FNDA:93,(anonymous_7)
DA:1,1
DA:2,1
DA:4,1
DA:7,269
DA:70,1
DA:71,1
DA:72,1
DA:88,1
DA:89,1
DA:90,1
DA:109,1
DA:110,1
DA:111,1
DA:121,4
DA:122,4
DA:123,4
DA:132,5
DA:133,5
DA:134,5
DA:135,5
DA:144,1
LF:21
LH:21
BRDA:7,0,0,5
BRDA:7,0,1,5
BRDA:7,0,2,0
BRDA:7,0,3,5
BRDA:7,1,0,8
BRDA:7,1,1,9
BRDA:32,2,0,1
BRDA:32,2,1,1
BRDA:42,3,0,1
BRDA:42,3,1,1
BRDA:51,4,0,1
BRDA:51,4,1,1
BRDA:60,5,0,1
BRDA:60,5,1,1
BRDA:7,6,0,1
BRDA:7,6,1,1
BRDA:7,6,2,1
BRDA:7,6,3,1
BRDA:7,6,4,0
BRDA:7,6,5,0
BRDA:7,6,6,1
BRDA:7,7,0,1
BRDA:7,7,1,1
BRDA:7,7,2,1
BRDA:7,7,3,1
BRDA:7,7,4,0
BRDA:7,7,5,1
BRDA:7,8,0,10
BRDA:7,8,1,10
BRDA:7,8,2,1
BRDA:7,8,3,0
BRDA:7,8,4,10
BRF:32
BRH:27
end_of_record
TN:
SF:C:\Users\Favour\Debe\WayFarer-master\server\models/Booking.js
FN:1,createBookingsTable
FNF:1
FNH:1
FNDA:3,createBookingsTable
DA:1,3
DA:3,1
DA:15,1
DA:19,2
DA:20,2
DA:24,3
LF:6
LH:6
BRF:0
BRH:0
end_of_record
TN:
SF:C:\Users\Favour\Debe\WayFarer-master\server\models/Bus.js
FN:1,busStatustype
FNF:1
FNH:1
FNDA:6,busStatustype
DA:1,3
DA:3,1
DA:8,1
DA:12,2
DA:13,2
DA:16,1
DA:28,1
DA:32,2
DA:33,2
DA:37,3
LF:10
LH:10
BRF:0
BRH:0
end_of_record
TN:
SF:C:\Users\Favour\Debe\WayFarer-master\server\models/Trip.js
FN:1,tripStatustype
FNF:1
FNH:1
FNDA:6,tripStatustype
DA:1,3
DA:3,1
DA:8,1
DA:12,2
DA:13,2
DA:17,1
DA:29,1
DA:33,2
DA:34,2
DA:38,3
LF:10
LH:10
BRF:0
BRH:0
end_of_record
TN:
SF:C:\Users\Favour\Debe\WayFarer-master\server\models/User.js
FN:1,createUsersTable
FNF:1
FNH:1
FNDA:3,createUsersTable
DA:1,3
DA:3,1
DA:14,1
DA:18,2
DA:19,2
DA:23,3
LF:6
LH:6
BRF:0
BRH:0
end_of_record
TN:
SF:C:\Users\Favour\Debe\WayFarer-master\server\models/book_seeder.js
FN:48,(anonymous_7)
FN:48,_callee
FN:48,seedBookings
FNF:3
FNH:3
FNDA:1,(anonymous_7)
FNDA:42,_callee
FNDA:1,seedBookings
DA:1,1
DA:2,1
DA:3,1
DA:6,1
DA:7,1
DA:8,1
DA:9,1
DA:10,1
DA:11,1
DA:12,1
DA:13,1
DA:14,1
DA:15,1
DA:16,1
DA:17,1
DA:18,1
DA:19,1
DA:20,1
DA:21,1
DA:22,1
DA:23,1
DA:24,1
DA:25,1
DA:26,1
DA:27,1
DA:28,1
DA:29,1
DA:30,1
DA:31,1
DA:32,1
DA:33,1
DA:34,1
DA:35,1
DA:36,1
DA:37,1
DA:38,1
DA:39,1
DA:40,1
DA:41,1
DA:42,1
DA:43,1
DA:44,1
DA:45,1
DA:48,164
DA:49,1
DA:95,1
LF:46
LH:46
BRDA:48,0,0,1
BRDA:48,0,1,1
BRDA:48,0,2,1
BRDA:48,0,3,1
BRDA:48,0,4,1
BRDA:48,0,5,1
BRDA:48,0,6,1
BRDA:48,0,7,1
BRDA:48,0,8,1
BRDA:48,0,9,1
BRDA:48,0,10,1
BRDA:48,0,11,1
BRDA:48,0,12,1
BRDA:48,0,13,1
BRDA:48,0,14,1
BRDA:48,0,15,1
BRDA:48,0,16,1
BRDA:48,0,17,1
BRDA:48,0,18,1
BRDA:48,0,19,1
BRDA:48,0,20,1
BRDA:48,0,21,1
BRDA:48,0,22,1
BRDA:48,0,23,1
BRDA:48,0,24,1
BRDA:48,0,25,1
BRDA:48,0,26,1
BRDA:48,0,27,1
BRDA:48,0,28,1
BRDA:48,0,29,1
BRDA:48,0,30,1
BRDA:48,0,31,1
BRDA:48,0,32,1
BRDA:48,0,33,1
BRDA:48,0,34,1
BRDA:48,0,35,1
BRDA:48,0,36,1
BRDA:48,0,37,1
BRDA:48,0,38,1
BRDA:48,0,39,1
BRDA:48,0,40,1
BRDA:48,0,41,1
BRF:42
BRH:42
end_of_record
TN:
SF:C:\Users\Favour\Debe\WayFarer-master\server\models/bus_seeder.js
FN:47,(anonymous_7)
FN:47,_callee
FN:47,seedbuses
FNF:3
FNH:3
FNDA:1,(anonymous_7)
FNDA:42,_callee
FNDA:1,seedbuses
DA:1,1
DA:2,1
DA:3,1
DA:5,1
DA:6,1
DA:7,1
DA:8,1
DA:9,1
DA:10,1
DA:11,1
DA:12,1
DA:13,1
DA:14,1
DA:15,1
DA:16,1
DA:17,1
DA:18,1
DA:19,1
DA:20,1
DA:21,1
DA:22,1
DA:23,1
DA:24,1
DA:25,1
DA:26,1
DA:27,1
DA:28,1
DA:29,1
DA:30,1
DA:31,1
DA:32,1
DA:33,1
DA:34,1
DA:35,1
DA:36,1
DA:37,1
DA:38,1
DA:39,1
DA:40,1
DA:41,1
DA:42,1
DA:43,1
DA:44,1
DA:47,164
DA:48,1
DA:94,1
LF:46
LH:46
BRDA:47,0,0,1
BRDA:47,0,1,1
BRDA:47,0,2,1
BRDA:47,0,3,1
BRDA:47,0,4,1
BRDA:47,0,5,1
BRDA:47,0,6,1
BRDA:47,0,7,1
BRDA:47,0,8,1
BRDA:47,0,9,1
BRDA:47,0,10,1
BRDA:47,0,11,1
BRDA:47,0,12,1
BRDA:47,0,13,1
BRDA:47,0,14,1
BRDA:47,0,15,1
BRDA:47,0,16,1
BRDA:47,0,17,1
BRDA:47,0,18,1
BRDA:47,0,19,1
BRDA:47,0,20,1
BRDA:47,0,21,1
BRDA:47,0,22,1
BRDA:47,0,23,1
BRDA:47,0,24,1
BRDA:47,0,25,1
BRDA:47,0,26,1
BRDA:47,0,27,1
BRDA:47,0,28,1
BRDA:47,0,29,1
BRDA:47,0,30,1
BRDA:47,0,31,1
BRDA:47,0,32,1
BRDA:47,0,33,1
BRDA:47,0,34,1
BRDA:47,0,35,1
BRDA:47,0,36,1
BRDA:47,0,37,1
BRDA:47,0,38,1
BRDA:47,0,39,1
BRDA:47,0,40,1
BRDA:47,0,41,1
BRF:42
BRH:42
end_of_record
TN:
SF:C:\Users\Favour\Debe\WayFarer-master\server\models/createTables.js
FN:25,(anonymous_7)
FN:33,createUsersTable
FN:38,createBookingsTable
FN:43,createTripsTable
FN:48,createBusesTable
FN:58,createTripStatusEnum
FN:63,createBusStatusEnum
FN:68,createEnumTypes
FN:74,allCreateQueries
FN:85,(anonymous_16)
FN:85,_callee
FN:85,migrate
FN:89,(anonymous_20)
FNF:13
FNH:13
FNDA:1,(anonymous_7)
FNDA:1,createUsersTable
FNDA:1,createBookingsTable
FNDA:1,createTripsTable
FNDA:1,createBusesTable
FNDA:1,createTripStatusEnum
FNDA:1,createBusStatusEnum
FNDA:1,createEnumTypes
FNDA:1,allCreateQueries
FNDA:1,(anonymous_16)
FNDA:3,_callee
FNDA:1,migrate
FNDA:1,(anonymous_20)
DA:2,1
DA:3,1
DA:4,1
DA:5,1
DA:6,1
DA:7,1
DA:9,1
DA:13,1
DA:14,1
DA:16,0
DA:20,1
DA:25,1
DA:26,1
DA:33,1
DA:34,1
DA:35,1
DA:38,1
DA:39,1
DA:40,1
DA:43,1
DA:44,1
DA:45,1
DA:48,1
DA:49,1
DA:50,1
DA:58,1
DA:59,1
DA:60,1
DA:63,1
DA:64,1
DA:65,1
DA:68,2
DA:74,2
DA:85,8
DA:89,1
DA:90,1
DA:91,1
DA:95,1
LF:38
LH:37
BRDA:13,0,0,1
BRDA:13,0,1,0
BRDA:85,1,0,1
BRDA:85,1,1,1
BRDA:85,1,2,1
BRF:5
BRH:4
end_of_record
TN:
SF:C:\Users\Favour\Debe\WayFarer-master\server\models/dropTables.js
FN:25,(anonymous_7)
FN:32,dropUsersTable
FN:37,dropBookingsTable
FN:42,dropTripsTable
FN:47,dropBusesTable
FN:57,dropTripStatusEnum
FN:62,dropBusStatusEnum
FN:67,dropEnumTypes
FN:73,allDropQueries
FN:83,(anonymous_16)
FN:83,_callee
FN:83,rollback
FN:87,(anonymous_20)
FNF:13
FNH:13
FNDA:2,(anonymous_7)
FNDA:2,dropUsersTable
FNDA:2,dropBookingsTable
FNDA:2,dropTripsTable
FNDA:2,dropBusesTable
FNDA:2,dropTripStatusEnum
FNDA:2,dropBusStatusEnum
FNDA:2,dropEnumTypes
FNDA:2,allDropQueries
FNDA:2,(anonymous_16)
FNDA:4,_callee
FNDA:2,rollback
FNDA:2,(anonymous_20)
DA:2,2
DA:3,2
DA:4,2
DA:5,2
DA:6,2
DA:7,2
DA:9,2
DA:13,2
DA:14,2
DA:16,0
DA:20,2
DA:25,2
DA:26,2
DA:32,2
DA:33,2
DA:34,2
DA:37,2
DA:38,2
DA:39,2
DA:42,2
DA:43,2
DA:44,2
DA:47,2
DA:48,2
DA:49,2
DA:57,2
DA:58,2
DA:59,2
DA:62,2
DA:63,2
DA:64,2
DA:67,4
DA:73,4
DA:83,8
DA:84,2
DA:87,2
DA:88,2
DA:89,2
DA:92,2
LF:39
LH:38
BRDA:13,0,0,2
BRDA:13,0,1,0
BRDA:83,1,0,2
BRDA:83,1,1,2
BRDA:83,1,2,2
BRF:5
BRH:4
end_of_record
TN:
SF:C:\Users\Favour\Debe\WayFarer-master\server\models/trip_seeder.js
FN:47,(anonymous_7)
FN:47,_callee
FN:47,seedtrips
FNF:3
FNH:3
FNDA:1,(anonymous_7)
FNDA:42,_callee
FNDA:1,seedtrips
DA:1,1
DA:2,1
DA:3,1
DA:5,1
DA:6,1
DA:7,1
DA:8,1
DA:9,1
DA:10,1
DA:11,1
DA:12,1
DA:13,1
DA:14,1
DA:15,1
DA:16,1
DA:17,1
DA:18,1
DA:19,1
DA:20,1
DA:21,1
DA:22,1
DA:23,1
DA:24,1
DA:25,1
DA:26,1
DA:27,1
DA:28,1
DA:29,1
DA:30,1
DA:31,1
DA:32,1
DA:33,1
DA:34,1
DA:35,1
DA:36,1
DA:37,1
DA:38,1
DA:39,1
DA:40,1
DA:41,1
DA:42,1
DA:43,1
DA:44,1
DA:47,164
DA:48,1
DA:94,1
LF:46
LH:46
BRDA:47,0,0,1
BRDA:47,0,1,1
BRDA:47,0,2,1
BRDA:47,0,3,1
BRDA:47,0,4,1
BRDA:47,0,5,1
BRDA:47,0,6,1
BRDA:47,0,7,1
BRDA:47,0,8,1
BRDA:47,0,9,1
BRDA:47,0,10,1
BRDA:47,0,11,1
BRDA:47,0,12,1
BRDA:47,0,13,1
BRDA:47,0,14,1
BRDA:47,0,15,1
BRDA:47,0,16,1
BRDA:47,0,17,1
BRDA:47,0,18,1
BRDA:47,0,19,1
BRDA:47,0,20,1
BRDA:47,0,21,1
BRDA:47,0,22,1
BRDA:47,0,23,1
BRDA:47,0,24,1
BRDA:47,0,25,1
BRDA:47,0,26,1
BRDA:47,0,27,1
BRDA:47,0,28,1
BRDA:47,0,29,1
BRDA:47,0,30,1
BRDA:47,0,31,1
BRDA:47,0,32,1
BRDA:47,0,33,1
BRDA:47,0,34,1
BRDA:47,0,35,1
BRDA:47,0,36,1
BRDA:47,0,37,1
BRDA:47,0,38,1
BRDA:47,0,39,1
BRDA:47,0,40,1
BRDA:47,0,41,1
BRF:42
BRH:42
end_of_record
TN:
SF:C:\Users\Favour\Debe\WayFarer-master\server\models/user_seeder.js
FN:26,(anonymous_7)
FN:26,_callee
FN:26,seedusers
FNF:3
FNH:3
FNDA:1,(anonymous_7)
FNDA:22,_callee
FNDA:1,seedusers
DA:1,1
DA:2,1
DA:3,1
DA:5,1
DA:6,1
DA:7,1
DA:8,1
DA:9,1
DA:10,1
DA:11,1
DA:12,1
DA:13,1
DA:14,1
DA:15,1
DA:16,1
DA:17,1
DA:18,1
DA:19,1
DA:20,1
DA:21,1
DA:22,1
DA:23,1
DA:24,1
DA:26,84
DA:27,1
DA:53,1
LF:26
LH:26
BRDA:26,0,0,1
BRDA:26,0,1,1
BRDA:26,0,2,1
BRDA:26,0,3,1
BRDA:26,0,4,1
BRDA:26,0,5,1
BRDA:26,0,6,1
BRDA:26,0,7,1
BRDA:26,0,8,1
BRDA:26,0,9,1
BRDA:26,0,10,1
BRDA:26,0,11,1
BRDA:26,0,12,1
BRDA:26,0,13,1
BRDA:26,0,14,1
BRDA:26,0,15,1
BRDA:26,0,16,1
BRDA:26,0,17,1
BRDA:26,0,18,1
BRDA:26,0,19,1
BRDA:26,0,20,1
BRDA:26,0,21,1
BRF:22
BRH:22
end_of_record
TN:
SF:C:\Users\Favour\Debe\WayFarer-master\server\routes/bookingsRoutes.js
FNF:0
FNH:0
DA:1,1
DA:2,1
DA:3,1
DA:4,1
DA:6,1
DA:8,1
DA:16,1
DA:24,1
DA:32,1
DA:40,1
LF:10
LH:10
BRF:0
BRH:0
end_of_record
TN:
SF:C:\Users\Favour\Debe\WayFarer-master\server\routes/busesRoutes.js
FNF:0
FNH:0
DA:1,1
DA:2,1
DA:3,1
DA:4,1
DA:6,1
DA:8,1
DA:16,1
DA:24,1
LF:8
LH:8
BRF:0
BRH:0
end_of_record
TN:
SF:C:\Users\Favour\Debe\WayFarer-master\server\routes/tripsRoutes.js
FNF:0
FNH:0
DA:1,1
DA:2,1
DA:3,1
DA:4,1
DA:6,1
DA:8,1
DA:16,1
DA:23,1
DA:31,1
DA:38,1
DA:45,1
LF:11
LH:11
BRF:0
BRH:0
end_of_record
TN:
SF:C:\Users\Favour\Debe\WayFarer-master\server\routes/userRoutes.js
FNF:0
FNH:0
DA:1,1
DA:2,1
DA:3,1
DA:5,1
DA:7,1
DA:17,1
DA:25,1
LF:7
LH:7
BRF:0
BRH:0
end_of_record
TN:
SF:C:\Users\Favour\Debe\WayFarer-master\server\tests/appTest.js
FN:9,(anonymous_1)
FN:10,(anonymous_2)
FN:13,(anonymous_3)
FNF:3
FNH:3
FNDA:1,(anonymous_1)
FNDA:1,(anonymous_2)
FNDA:1,(anonymous_3)
DA:1,1
DA:2,1
DA:3,1
DA:5,1
DA:7,1
DA:9,1
DA:10,1
DA:11,1
DA:14,1
DA:15,1
DA:16,1
DA:17,1
DA:18,1
LF:13
LH:13
BRDA:14,0,0,0
BRDA:14,0,1,1
BRF:2
BRH:1
end_of_record
TN:
SF:C:\Users\Favour\Debe\WayFarer-master\server\tests/bookingRoutesTest.js
FN:27,(anonymous_1)
FN:28,(anonymous_2)
FN:38,(anonymous_3)
FN:51,(anonymous_4)
FN:52,(anonymous_5)
FN:56,(anonymous_6)
FN:66,(anonymous_7)
FN:67,(anonymous_8)
FN:71,(anonymous_9)
FN:81,(anonymous_10)
FN:82,(anonymous_11)
FN:87,(anonymous_12)
FN:99,(anonymous_13)
FN:100,(anonymous_14)
FN:109,(anonymous_15)
FNF:15
FNH:15
FNDA:1,(anonymous_1)
FNDA:1,(anonymous_2)
FNDA:1,(anonymous_3)
FNDA:1,(anonymous_4)
FNDA:1,(anonymous_5)
FNDA:1,(anonymous_6)
FNDA:1,(anonymous_7)
FNDA:1,(anonymous_8)
FNDA:1,(anonymous_9)
FNDA:1,(anonymous_10)
FNDA:1,(anonymous_11)
FNDA:1,(anonymous_12)
FNDA:1,(anonymous_13)
FNDA:1,(anonymous_14)
FNDA:1,(anonymous_15)
DA:1,1
DA:2,1
DA:3,1
DA:4,1
DA:6,1
DA:8,1
DA:10,1
DA:15,1
DA:20,1
DA:27,1
DA:28,1
DA:29,1
DA:34,1
DA:39,1
DA:40,1
DA:41,1
DA:42,1
DA:43,1
DA:44,1
DA:45,1
DA:46,1
DA:51,1
DA:52,1
DA:53,1
DA:57,1
DA:58,1
DA:59,1
DA:60,1
DA:61,1
DA:66,1
DA:67,1
DA:68,1
DA:72,1
DA:73,1
DA:74,1
DA:75,1
DA:76,1
DA:81,1
DA:82,1
DA:83,1
DA:84,1
DA:88,1
DA:89,1
DA:90,1
DA:91,1
DA:92,1
DA:93,1
DA:99,1
DA:100,1
DA:101,1
DA:102,1
DA:105,1
DA:110,1
DA:111,1
DA:112,1
DA:113,1
DA:114,1
DA:115,1
LF:58
LH:58
BRDA:39,0,0,0
BRDA:39,0,1,1
BRDA:57,1,0,0
BRDA:57,1,1,1
BRDA:72,2,0,0
BRDA:72,2,1,1
BRDA:88,3,0,0
BRDA:88,3,1,1
BRDA:110,4,0,0
BRDA:110,4,1,1
BRF:10
BRH:5
end_of_record
TN:
SF:C:\Users\Favour\Debe\WayFarer-master\server\tests/busRoutesTest.js
FN:16,(anonymous_1)
FN:17,(anonymous_2)
FN:30,(anonymous_3)
FN:40,(anonymous_4)
FN:41,(anonymous_5)
FN:45,(anonymous_6)
FNF:6
FNH:6
FNDA:1,(anonymous_1)
FNDA:1,(anonymous_2)
FNDA:1,(anonymous_3)
FNDA:1,(anonymous_4)
FNDA:1,(anonymous_5)
FNDA:1,(anonymous_6)
DA:1,1
DA:2,1
DA:3,1
DA:4,1
DA:6,1
DA:8,1
DA:10,1
DA:16,1
DA:17,1
DA:18,1
DA:26,1
DA:31,1
DA:32,1
DA:33,1
DA:34,1
DA:35,1
DA:40,1
DA:41,1
DA:42,1
DA:46,1
DA:47,1
DA:48,1
DA:49,1
DA:50,1
LF:24
LH:24
BRDA:31,0,0,0
BRDA:31,0,1,1
BRDA:46,1,0,0
BRDA:46,1,1,1
BRF:4
BRH:2
end_of_record
TN:
SF:C:\Users\Favour\Debe\WayFarer-master\server\tests/tripRoutesTest.js
FN:16,(anonymous_1)
FN:17,(anonymous_2)
FN:21,(anonymous_3)
FN:32,(anonymous_4)
FN:33,(anonymous_5)
FN:48,(anonymous_6)
FN:65,(anonymous_7)
FN:66,(anonymous_8)
FN:71,(anonymous_9)
FN:81,(anonymous_10)
FN:82,(anonymous_11)
FN:87,(anonymous_12)
FN:97,(anonymous_13)
FN:98,(anonymous_14)
FN:103,(anonymous_15)
FNF:15
FNH:15
FNDA:1,(anonymous_1)
FNDA:1,(anonymous_2)
FNDA:1,(anonymous_3)
FNDA:1,(anonymous_4)
FNDA:1,(anonymous_5)
FNDA:1,(anonymous_6)
FNDA:1,(anonymous_7)
FNDA:1,(anonymous_8)
FNDA:1,(anonymous_9)
FNDA:1,(anonymous_10)
FNDA:1,(anonymous_11)
FNDA:1,(anonymous_12)
FNDA:1,(anonymous_13)
FNDA:1,(anonymous_14)
FNDA:1,(anonymous_15)
DA:1,1
DA:2,1
DA:3,1
DA:4,1
DA:6,1
DA:8,1
DA:10,1
DA:16,1
DA:17,1
DA:18,1
DA:22,1
DA:23,1
DA:24,1
DA:25,1
DA:26,1
DA:32,1
DA:33,1
DA:34,1
DA:44,1
DA:49,1
DA:50,1
DA:51,1
DA:52,1
DA:53,1
DA:54,1
DA:55,1
DA:56,1
DA:57,1
DA:58,1
DA:65,1
DA:66,1
DA:67,1
DA:68,1
DA:72,1
DA:73,1
DA:74,1
DA:75,1
DA:76,1
DA:81,1
DA:82,1
DA:83,1
DA:84,1
DA:88,1
DA:89,1
DA:90,1
DA:91,1
DA:92,1
DA:97,1
DA:98,1
DA:99,1
DA:100,1
DA:104,1
DA:105,1
DA:106,1
DA:107,1
DA:108,1
DA:109,1
LF:57
LH:57
BRDA:22,0,0,0
BRDA:22,0,1,1
BRDA:49,1,0,0
BRDA:49,1,1,1
BRDA:72,2,0,0
BRDA:72,2,1,1
BRDA:88,3,0,0
BRDA:88,3,1,1
BRDA:104,4,0,0
BRDA:104,4,1,1
BRF:10
BRH:5
end_of_record
TN:
SF:C:\Users\Favour\Debe\WayFarer-master\server\tests/userRoutesTest.js
FN:9,(anonymous_1)
FN:10,(anonymous_2)
FN:20,(anonymous_3)
FN:33,(anonymous_4)
FN:34,(anonymous_5)
FN:42,(anonymous_6)
FNF:6
FNH:6
FNDA:1,(anonymous_1)
FNDA:1,(anonymous_2)
FNDA:1,(anonymous_3)
FNDA:1,(anonymous_4)
FNDA:1,(anonymous_5)
FNDA:1,(anonymous_6)
DA:1,1
DA:2,1
DA:3,1
DA:5,1
DA:7,1
DA:9,1
DA:10,1
DA:11,1
DA:17,1
DA:21,1
DA:22,1
DA:23,1
DA:24,1
DA:25,1
DA:26,1
DA:27,1
DA:28,1
DA:33,1
DA:34,1
DA:35,1
DA:39,1
DA:43,1
DA:44,1
DA:45,1
DA:46,1
DA:47,1
DA:48,1
DA:49,1
DA:50,1
LF:29
LH:29
BRDA:21,0,0,0
BRDA:21,0,1,1
BRDA:43,1,0,0
BRDA:43,1,1,1
BRF:4
BRH:2
end_of_record
TN:
SF:C:\Users\Favour\Debe\WayFarer-master\server\utils/Helper.js
FN:4,hashPassword
FNF:1
FNH:1
FNDA:4,hashPassword
DA:1,1
DA:2,1
DA:4,1
DA:7,1
DA:12,1
DA:17,2
DA:21,2
DA:24,1
LF:8
LH:8
BRF:0
BRH:0
end_of_record
